Using pre-set license
Built from '2020.3/staging' branch; Version is '2020.3.8f1 (507919d4fff5) revision 5273881'; Using compiler version '192528614'; Build Type 'Release'
OS: 'Windows 10 Pro; OS build 19042.985; Version 2009; 64bit' Language: 'fr' Physical Memory: 16299 MB
BatchMode: 1, IsHumanControllingUs: 0, StartBugReporterOnCrash: 0, Is64bit: 1, IsPro: 0

 COMMAND LINE ARGUMENTS:
C:\Program Files\Unity\Hub\Editor\2020.3.8f1\Editor\Unity.exe
-adb2
-batchMode
-noUpm
-name
AssetImportWorker0
-projectPath
J:/Unity Program/2DJeu
-logFile
Logs/AssetImportWorker0.log
-srvPort
54409
Successfully changed project path to: J:/Unity Program/2DJeu
J:/Unity Program/2DJeu
Using Asset Import Pipeline V2.
Refreshing native plugins compatible for Editor in 25.19 ms, found 1 plugins.
Preloading 0 native plugins for Editor in 0.00 ms.
Initialize engine version: 2020.3.8f1 (507919d4fff5)
[Subsystems] Discovering subsystems at path C:/Program Files/Unity/Hub/Editor/2020.3.8f1/Editor/Data/Resources/UnitySubsystems
[Subsystems] Discovering subsystems at path J:/Unity Program/2DJeu/Assets
GfxDevice: creating device client; threaded=0
Direct3D:
    Version:  Direct3D 11.0 [level 11.1]
    Renderer: NVIDIA GeForce GTX 1060 6GB (ID=0x1c03)
    Vendor:   
    VRAM:     6052 MB
    Driver:   27.21.14.6627
Initialize mono
Mono path[0] = 'C:/Program Files/Unity/Hub/Editor/2020.3.8f1/Editor/Data/Managed'
Mono path[1] = 'C:/Program Files/Unity/Hub/Editor/2020.3.8f1/Editor/Data/MonoBleedingEdge/lib/mono/unityjit'
Mono config path = 'C:/Program Files/Unity/Hub/Editor/2020.3.8f1/Editor/Data/MonoBleedingEdge/etc'
Using monoOptions --debugger-agent=transport=dt_socket,embedding=1,server=y,suspend=n,address=127.0.0.1:56976
Begin MonoManager ReloadAssembly
Registering precompiled unity dll's ...
Register platform support module: C:/Program Files/Unity/Hub/Editor/2020.3.8f1/Editor/Data/PlaybackEngines/WindowsStandaloneSupport/UnityEditor.WindowsStandalone.Extensions.dll
Registered in 0.001346 seconds.
Native extension for WindowsStandalone target not found
Refreshing native plugins compatible for Editor in 26.81 ms, found 1 plugins.
Preloading 0 native plugins for Editor in 0.00 ms.
Mono: successfully reloaded assembly
- Completed reload, in  0.694 seconds
Platform modules already initialized, skipping
Registering precompiled user dll's ...
Registered in 0.000456 seconds.
Begin MonoManager ReloadAssembly
Native extension for WindowsStandalone target not found
Refreshing native plugins compatible for Editor in 25.72 ms, found 1 plugins.
Preloading 0 native plugins for Editor in 0.00 ms.
Mono: successfully reloaded assembly
- Completed reload, in  0.558 seconds
Platform modules already initialized, skipping
========================================================================
Worker process is ready to serve import requests
Launched and connected shader compiler UnityShaderCompiler.exe after 0.03 seconds
Refreshing native plugins compatible for Editor in 0.44 ms, found 1 plugins.
Preloading 0 native plugins for Editor in 0.00 ms.
Unloading 1820 Unused Serialized files (Serialized files now loaded: 0)
System memory in use before: 85.3 MB.
System memory in use after: 85.2 MB.

Unloading 24 unused Assets to reduce memory usage. Loaded Objects now: 2264.
Total: 1.578900 ms (FindLiveObjects: 0.154200 ms CreateObjectMapping: 0.036500 ms MarkObjects: 1.282400 ms  DeleteObjects: 0.104900 ms)

========================================================================
Received Import Request.
  path: Assets/Animation/Player/player_death.anim
  artifactKey: Guid(2c15d1056fdc96f4287088722a46c1ee) Importer(815301076,1909f56bfc062723c751e8b465ee728b)
Start importing Assets/Animation/Player/player_death.anim using Guid(2c15d1056fdc96f4287088722a46c1ee) Importer(815301076,1909f56bfc062723c751e8b465ee728b)  -> (artifact id: '65d78f833cf83bfee59d4706dbbae5f5') in 0.020595 seconds
  Import took 0.022840 seconds .

========================================================================
Received Import Request.
  Time since last request: 45.479026 seconds.
  path: Assets/Animation/Player/player_run.anim
  artifactKey: Guid(a8e148fdff3d4c143b48aa262ae21b92) Importer(815301076,1909f56bfc062723c751e8b465ee728b)
Start importing Assets/Animation/Player/player_run.anim using Guid(a8e148fdff3d4c143b48aa262ae21b92) Importer(815301076,1909f56bfc062723c751e8b465ee728b)  -> (artifact id: 'ef9ce247875716ae60c7839b1aece298') in 0.005064 seconds
  Import took 0.007601 seconds .

========================================================================
Received Prepare
Registering precompiled user dll's ...
Registered in 0.000464 seconds.
Begin MonoManager ReloadAssembly
Native extension for WindowsStandalone target not found
Refreshing native plugins compatible for Editor in 0.39 ms, found 1 plugins.
Preloading 0 native plugins for Editor in 0.00 ms.
Mono: successfully reloaded assembly
- Completed reload, in  0.510 seconds
Platform modules already initialized, skipping
Refreshing native plugins compatible for Editor in 0.34 ms, found 1 plugins.
Preloading 0 native plugins for Editor in 0.00 ms.
Unloading 1815 Unused Serialized files (Serialized files now loaded: 0)
System memory in use before: 85.3 MB.
System memory in use after: 85.2 MB.

Unloading 12 unused Assets to reduce memory usage. Loaded Objects now: 2268.
Total: 1.503800 ms (FindLiveObjects: 0.117700 ms CreateObjectMapping: 0.034100 ms MarkObjects: 1.281400 ms  DeleteObjects: 0.070000 ms)

========================================================================
Received Prepare
Registering precompiled user dll's ...
Registered in 0.000572 seconds.
Begin MonoManager ReloadAssembly
Native extension for WindowsStandalone target not found
Refreshing native plugins compatible for Editor in 0.38 ms, found 1 plugins.
Preloading 0 native plugins for Editor in 0.00 ms.
Mono: successfully reloaded assembly
- Completed reload, in  0.500 seconds
Platform modules already initialized, skipping
Refreshing native plugins compatible for Editor in 0.28 ms, found 1 plugins.
Preloading 0 native plugins for Editor in 0.00 ms.
Unloading 1815 Unused Serialized files (Serialized files now loaded: 0)
System memory in use before: 85.3 MB.
System memory in use after: 85.3 MB.

Unloading 12 unused Assets to reduce memory usage. Loaded Objects now: 2272.
Total: 1.474100 ms (FindLiveObjects: 0.109400 ms CreateObjectMapping: 0.033900 ms MarkObjects: 1.263400 ms  DeleteObjects: 0.066700 ms)

========================================================================
Received Import Request.
  Time since last request: 435.198294 seconds.
  path: Assets/Script/MovePlayer.cs
  artifactKey: Guid(b65490f61e2f9ab479c08b8259d4b8aa) Importer(815301076,1909f56bfc062723c751e8b465ee728b)
Start importing Assets/Script/MovePlayer.cs using Guid(b65490f61e2f9ab479c08b8259d4b8aa) Importer(815301076,1909f56bfc062723c751e8b465ee728b)  -> (artifact id: '1661f7167bcf3120a11163f6a2563d15') in 0.008994 seconds
  Import took 0.010980 seconds .

========================================================================
Received Prepare
Registering precompiled user dll's ...
Registered in 0.000474 seconds.
Begin MonoManager ReloadAssembly
Native extension for WindowsStandalone target not found
Refreshing native plugins compatible for Editor in 0.39 ms, found 1 plugins.
Preloading 0 native plugins for Editor in 0.00 ms.
Mono: successfully reloaded assembly
- Completed reload, in  0.503 seconds
Platform modules already initialized, skipping
Refreshing native plugins compatible for Editor in 0.33 ms, found 1 plugins.
Preloading 0 native plugins for Editor in 0.00 ms.
Unloading 1815 Unused Serialized files (Serialized files now loaded: 0)
System memory in use before: 85.3 MB.
System memory in use after: 85.3 MB.

Unloading 12 unused Assets to reduce memory usage. Loaded Objects now: 2276.
Total: 1.500600 ms (FindLiveObjects: 0.118600 ms CreateObjectMapping: 0.034300 ms MarkObjects: 1.279300 ms  DeleteObjects: 0.067800 ms)

========================================================================
Received Prepare
Registering precompiled user dll's ...
Registered in 0.000554 seconds.
Begin MonoManager ReloadAssembly
Native extension for WindowsStandalone target not found
Refreshing native plugins compatible for Editor in 0.47 ms, found 1 plugins.
Preloading 0 native plugins for Editor in 0.00 ms.
Mono: successfully reloaded assembly
- Completed reload, in  0.587 seconds
Platform modules already initialized, skipping
Refreshing native plugins compatible for Editor in 0.37 ms, found 1 plugins.
Preloading 0 native plugins for Editor in 0.00 ms.
Unloading 1815 Unused Serialized files (Serialized files now loaded: 0)
System memory in use before: 85.3 MB.
System memory in use after: 85.3 MB.

Unloading 12 unused Assets to reduce memory usage. Loaded Objects now: 2280.
Total: 1.666700 ms (FindLiveObjects: 0.142500 ms CreateObjectMapping: 0.036000 ms MarkObjects: 1.404800 ms  DeleteObjects: 0.082800 ms)

========================================================================
Received Prepare
Registering precompiled user dll's ...
Registered in 0.000462 seconds.
Begin MonoManager ReloadAssembly
Native extension for WindowsStandalone target not found
Refreshing native plugins compatible for Editor in 0.39 ms, found 1 plugins.
Preloading 0 native plugins for Editor in 0.00 ms.
Mono: successfully reloaded assembly
- Completed reload, in  0.492 seconds
Platform modules already initialized, skipping
Refreshing native plugins compatible for Editor in 0.32 ms, found 1 plugins.
Preloading 0 native plugins for Editor in 0.00 ms.
Unloading 1815 Unused Serialized files (Serialized files now loaded: 0)
System memory in use before: 85.3 MB.
System memory in use after: 85.3 MB.

Unloading 12 unused Assets to reduce memory usage. Loaded Objects now: 2284.
Total: 1.508800 ms (FindLiveObjects: 0.114400 ms CreateObjectMapping: 0.041200 ms MarkObjects: 1.283200 ms  DeleteObjects: 0.069400 ms)

========================================================================
Received Prepare
Registering precompiled user dll's ...
Registered in 0.000447 seconds.
Begin MonoManager ReloadAssembly
Native extension for WindowsStandalone target not found
Refreshing native plugins compatible for Editor in 0.39 ms, found 1 plugins.
Preloading 0 native plugins for Editor in 0.00 ms.
Mono: successfully reloaded assembly
- Completed reload, in  0.500 seconds
Platform modules already initialized, skipping
Refreshing native plugins compatible for Editor in 0.26 ms, found 1 plugins.
Preloading 0 native plugins for Editor in 0.00 ms.
Unloading 1815 Unused Serialized files (Serialized files now loaded: 0)
System memory in use before: 85.3 MB.
System memory in use after: 85.3 MB.

Unloading 12 unused Assets to reduce memory usage. Loaded Objects now: 2288.
Total: 1.479000 ms (FindLiveObjects: 0.108200 ms CreateObjectMapping: 0.040100 ms MarkObjects: 1.270300 ms  DeleteObjects: 0.059700 ms)

========================================================================
Received Prepare
Registering precompiled user dll's ...
Registered in 0.000530 seconds.
Begin MonoManager ReloadAssembly
Native extension for WindowsStandalone target not found
Refreshing native plugins compatible for Editor in 0.39 ms, found 1 plugins.
Preloading 0 native plugins for Editor in 0.00 ms.
Mono: successfully reloaded assembly
- Completed reload, in  0.499 seconds
Platform modules already initialized, skipping
Refreshing native plugins compatible for Editor in 0.33 ms, found 1 plugins.
Preloading 0 native plugins for Editor in 0.00 ms.
Unloading 1815 Unused Serialized files (Serialized files now loaded: 0)
System memory in use before: 85.3 MB.
System memory in use after: 85.3 MB.

Unloading 12 unused Assets to reduce memory usage. Loaded Objects now: 2292.
Total: 1.533500 ms (FindLiveObjects: 0.130100 ms CreateObjectMapping: 0.036900 ms MarkObjects: 1.287100 ms  DeleteObjects: 0.078300 ms)

========================================================================
Received Prepare
Registering precompiled user dll's ...
Registered in 0.000429 seconds.
Begin MonoManager ReloadAssembly
Native extension for WindowsStandalone target not found
Refreshing native plugins compatible for Editor in 0.39 ms, found 1 plugins.
Preloading 0 native plugins for Editor in 0.00 ms.
Mono: successfully reloaded assembly
- Completed reload, in  0.493 seconds
Platform modules already initialized, skipping
Refreshing native plugins compatible for Editor in 0.29 ms, found 1 plugins.
Preloading 0 native plugins for Editor in 0.00 ms.
Unloading 1815 Unused Serialized files (Serialized files now loaded: 0)
System memory in use before: 85.4 MB.
System memory in use after: 85.3 MB.

Unloading 12 unused Assets to reduce memory usage. Loaded Objects now: 2296.
Total: 1.524200 ms (FindLiveObjects: 0.118600 ms CreateObjectMapping: 0.034000 ms MarkObjects: 1.302000 ms  DeleteObjects: 0.068900 ms)

========================================================================
Received Prepare
Registering precompiled user dll's ...
Registered in 0.000642 seconds.
Begin MonoManager ReloadAssembly
Native extension for WindowsStandalone target not found
Refreshing native plugins compatible for Editor in 0.40 ms, found 1 plugins.
Preloading 0 native plugins for Editor in 0.00 ms.
Mono: successfully reloaded assembly
- Completed reload, in  0.504 seconds
Platform modules already initialized, skipping
Refreshing native plugins compatible for Editor in 0.32 ms, found 1 plugins.
Preloading 0 native plugins for Editor in 0.00 ms.
Unloading 1815 Unused Serialized files (Serialized files now loaded: 0)
System memory in use before: 85.4 MB.
System memory in use after: 85.3 MB.

Unloading 12 unused Assets to reduce memory usage. Loaded Objects now: 2300.
Total: 1.569300 ms (FindLiveObjects: 0.144700 ms CreateObjectMapping: 0.034700 ms MarkObjects: 1.309700 ms  DeleteObjects: 0.079700 ms)

========================================================================
Received Prepare
Registering precompiled user dll's ...
Registered in 0.000425 seconds.
Begin MonoManager ReloadAssembly
Native extension for WindowsStandalone target not found
Refreshing native plugins compatible for Editor in 0.39 ms, found 1 plugins.
Preloading 0 native plugins for Editor in 0.00 ms.
Mono: successfully reloaded assembly
- Completed reload, in  0.507 seconds
Platform modules already initialized, skipping
Refreshing native plugins compatible for Editor in 0.30 ms, found 1 plugins.
Preloading 0 native plugins for Editor in 0.00 ms.
Unloading 1815 Unused Serialized files (Serialized files now loaded: 0)
System memory in use before: 85.4 MB.
System memory in use after: 85.3 MB.

Unloading 12 unused Assets to reduce memory usage. Loaded Objects now: 2304.
Total: 1.499600 ms (FindLiveObjects: 0.114400 ms CreateObjectMapping: 0.034000 ms MarkObjects: 1.286600 ms  DeleteObjects: 0.064000 ms)

========================================================================
Received Prepare
Registering precompiled user dll's ...
Registered in 0.000525 seconds.
Begin MonoManager ReloadAssembly
Native extension for WindowsStandalone target not found
Refreshing native plugins compatible for Editor in 0.41 ms, found 1 plugins.
Preloading 0 native plugins for Editor in 0.00 ms.
Mono: successfully reloaded assembly
- Completed reload, in  0.501 seconds
Platform modules already initialized, skipping
Refreshing native plugins compatible for Editor in 0.35 ms, found 1 plugins.
Preloading 0 native plugins for Editor in 0.00 ms.
Unloading 1815 Unused Serialized files (Serialized files now loaded: 0)
System memory in use before: 85.4 MB.
System memory in use after: 85.4 MB.

Unloading 12 unused Assets to reduce memory usage. Loaded Objects now: 2308.
Total: 1.562900 ms (FindLiveObjects: 0.121800 ms CreateObjectMapping: 0.035100 ms MarkObjects: 1.324600 ms  DeleteObjects: 0.080700 ms)

========================================================================
Received Prepare
Registering precompiled user dll's ...
Registered in 0.000547 seconds.
Begin MonoManager ReloadAssembly
Native extension for WindowsStandalone target not found
Refreshing native plugins compatible for Editor in 0.39 ms, found 1 plugins.
Preloading 0 native plugins for Editor in 0.00 ms.
Mono: successfully reloaded assembly
- Completed reload, in  0.498 seconds
Platform modules already initialized, skipping
Refreshing native plugins compatible for Editor in 0.33 ms, found 1 plugins.
Preloading 0 native plugins for Editor in 0.00 ms.
Unloading 1815 Unused Serialized files (Serialized files now loaded: 0)
System memory in use before: 85.4 MB.
System memory in use after: 85.4 MB.

Unloading 12 unused Assets to reduce memory usage. Loaded Objects now: 2312.
Total: 1.720900 ms (FindLiveObjects: 0.148600 ms CreateObjectMapping: 0.038600 ms MarkObjects: 1.454000 ms  DeleteObjects: 0.079100 ms)

========================================================================
Received Import Request.
  Time since last request: 1527.100449 seconds.
  path: Assets/GameOverManager.cs
  artifactKey: Guid(dc932ed331cd1f04aa8fc83ef60ad4e3) Importer(815301076,1909f56bfc062723c751e8b465ee728b)
Start importing Assets/GameOverManager.cs using Guid(dc932ed331cd1f04aa8fc83ef60ad4e3) Importer(815301076,1909f56bfc062723c751e8b465ee728b)  -> (artifact id: 'f8f62865587bbf61ca8fdc546d7c73c5') in 0.007492 seconds
  Import took 0.010276 seconds .

========================================================================
Received Prepare
Registering precompiled user dll's ...
Registered in 0.000409 seconds.
Begin MonoManager ReloadAssembly
Native extension for WindowsStandalone target not found
Refreshing native plugins compatible for Editor in 0.38 ms, found 1 plugins.
Preloading 0 native plugins for Editor in 0.00 ms.
Mono: successfully reloaded assembly
- Completed reload, in  0.562 seconds
Platform modules already initialized, skipping
Refreshing native plugins compatible for Editor in 0.34 ms, found 1 plugins.
Preloading 0 native plugins for Editor in 0.00 ms.
Unloading 1816 Unused Serialized files (Serialized files now loaded: 0)
System memory in use before: 85.4 MB.
System memory in use after: 85.4 MB.

Unloading 12 unused Assets to reduce memory usage. Loaded Objects now: 2317.
Total: 1.553300 ms (FindLiveObjects: 0.130700 ms CreateObjectMapping: 0.034500 ms MarkObjects: 1.312800 ms  DeleteObjects: 0.074700 ms)

========================================================================
Received Prepare
Registering precompiled user dll's ...
Registered in 0.000587 seconds.
Begin MonoManager ReloadAssembly
Native extension for WindowsStandalone target not found
Refreshing native plugins compatible for Editor in 0.40 ms, found 1 plugins.
Preloading 0 native plugins for Editor in 0.00 ms.
Mono: successfully reloaded assembly
- Completed reload, in  0.514 seconds
Platform modules already initialized, skipping
Refreshing native plugins compatible for Editor in 0.37 ms, found 1 plugins.
Preloading 0 native plugins for Editor in 0.00 ms.
Unloading 1816 Unused Serialized files (Serialized files now loaded: 0)
System memory in use before: 85.4 MB.
System memory in use after: 85.4 MB.

Unloading 12 unused Assets to reduce memory usage. Loaded Objects now: 2321.
Total: 1.804400 ms (FindLiveObjects: 0.136000 ms CreateObjectMapping: 0.041600 ms MarkObjects: 1.536000 ms  DeleteObjects: 0.090100 ms)

========================================================================
Received Import Request.
  Time since last request: 68.147877 seconds.
  path: Assets/GameOverManager.cs
  artifactKey: Guid(dc932ed331cd1f04aa8fc83ef60ad4e3) Importer(815301076,1909f56bfc062723c751e8b465ee728b)
Start importing Assets/GameOverManager.cs using Guid(dc932ed331cd1f04aa8fc83ef60ad4e3) Importer(815301076,1909f56bfc062723c751e8b465ee728b)  -> (artifact id: 'ff021a3ab14fc2d19ae27d22960786a4') in 0.003442 seconds
  Import took 0.021816 seconds .

========================================================================
Received Prepare
Registering precompiled user dll's ...
Registered in 0.000504 seconds.
Begin MonoManager ReloadAssembly
Native extension for WindowsStandalone target not found
Refreshing native plugins compatible for Editor in 0.43 ms, found 1 plugins.
Preloading 0 native plugins for Editor in 0.00 ms.
Mono: successfully reloaded assembly
- Completed reload, in  0.502 seconds
Platform modules already initialized, skipping
Refreshing native plugins compatible for Editor in 0.36 ms, found 1 plugins.
Preloading 0 native plugins for Editor in 0.00 ms.
Unloading 1816 Unused Serialized files (Serialized files now loaded: 0)
System memory in use before: 85.4 MB.
System memory in use after: 85.4 MB.

Unloading 12 unused Assets to reduce memory usage. Loaded Objects now: 2325.
Total: 1.719400 ms (FindLiveObjects: 0.128500 ms CreateObjectMapping: 0.034000 ms MarkObjects: 1.479700 ms  DeleteObjects: 0.076500 ms)

========================================================================
Received Prepare
Registering precompiled user dll's ...
Registered in 0.000472 seconds.
Begin MonoManager ReloadAssembly
Native extension for WindowsStandalone target not found
Refreshing native plugins compatible for Editor in 0.39 ms, found 1 plugins.
Preloading 0 native plugins for Editor in 0.00 ms.
Mono: successfully reloaded assembly
- Completed reload, in  0.499 seconds
Platform modules already initialized, skipping
Refreshing native plugins compatible for Editor in 0.36 ms, found 1 plugins.
Preloading 0 native plugins for Editor in 0.00 ms.
Unloading 1816 Unused Serialized files (Serialized files now loaded: 0)
System memory in use before: 85.4 MB.
System memory in use after: 85.4 MB.

Unloading 12 unused Assets to reduce memory usage. Loaded Objects now: 2329.
Total: 1.522500 ms (FindLiveObjects: 0.119300 ms CreateObjectMapping: 0.034500 ms MarkObjects: 1.295100 ms  DeleteObjects: 0.072900 ms)

========================================================================
Received Prepare
Registering precompiled user dll's ...
Registered in 0.000493 seconds.
Begin MonoManager ReloadAssembly
Native extension for WindowsStandalone target not found
Refreshing native plugins compatible for Editor in 0.39 ms, found 1 plugins.
Preloading 0 native plugins for Editor in 0.00 ms.
Mono: successfully reloaded assembly
- Completed reload, in  0.510 seconds
Platform modules already initialized, skipping
Refreshing native plugins compatible for Editor in 0.32 ms, found 1 plugins.
Preloading 0 native plugins for Editor in 0.00 ms.
Unloading 1816 Unused Serialized files (Serialized files now loaded: 0)
System memory in use before: 85.5 MB.
System memory in use after: 85.4 MB.

Unloading 12 unused Assets to reduce memory usage. Loaded Objects now: 2333.
Total: 1.679900 ms (FindLiveObjects: 0.163500 ms CreateObjectMapping: 0.038700 ms MarkObjects: 1.416700 ms  DeleteObjects: 0.060500 ms)

========================================================================
Received Prepare
Registering precompiled user dll's ...
Registered in 0.000555 seconds.
Begin MonoManager ReloadAssembly
Native extension for WindowsStandalone target not found
Refreshing native plugins compatible for Editor in 0.39 ms, found 1 plugins.
Preloading 0 native plugins for Editor in 0.00 ms.
Mono: successfully reloaded assembly
- Completed reload, in  0.507 seconds
Platform modules already initialized, skipping
Refreshing native plugins compatible for Editor in 0.35 ms, found 1 plugins.
Preloading 0 native plugins for Editor in 0.00 ms.
Unloading 1816 Unused Serialized files (Serialized files now loaded: 0)
System memory in use before: 85.5 MB.
System memory in use after: 85.4 MB.

Unloading 12 unused Assets to reduce memory usage. Loaded Objects now: 2337.
Total: 1.640200 ms (FindLiveObjects: 0.136900 ms CreateObjectMapping: 0.034200 ms MarkObjects: 1.396800 ms  DeleteObjects: 0.071600 ms)

========================================================================
Received Prepare
Registering precompiled user dll's ...
Registered in 0.000429 seconds.
Begin MonoManager ReloadAssembly
Native extension for WindowsStandalone target not found
Refreshing native plugins compatible for Editor in 0.40 ms, found 1 plugins.
Preloading 0 native plugins for Editor in 0.00 ms.
Mono: successfully reloaded assembly
- Completed reload, in  0.513 seconds
Platform modules already initialized, skipping
Refreshing native plugins compatible for Editor in 0.34 ms, found 1 plugins.
Preloading 0 native plugins for Editor in 0.00 ms.
Unloading 1816 Unused Serialized files (Serialized files now loaded: 0)
System memory in use before: 85.5 MB.
System memory in use after: 85.4 MB.

Unloading 12 unused Assets to reduce memory usage. Loaded Objects now: 2341.
Total: 1.559200 ms (FindLiveObjects: 0.143400 ms CreateObjectMapping: 0.034000 ms MarkObjects: 1.308400 ms  DeleteObjects: 0.072900 ms)

========================================================================
Received Prepare
Registering precompiled user dll's ...
Registered in 0.000510 seconds.
Begin MonoManager ReloadAssembly
Native extension for WindowsStandalone target not found
Refreshing native plugins compatible for Editor in 0.39 ms, found 1 plugins.
Preloading 0 native plugins for Editor in 0.00 ms.
Mono: successfully reloaded assembly
- Completed reload, in  0.501 seconds
Platform modules already initialized, skipping
Refreshing native plugins compatible for Editor in 0.35 ms, found 1 plugins.
Preloading 0 native plugins for Editor in 0.00 ms.
Unloading 1816 Unused Serialized files (Serialized files now loaded: 0)
System memory in use before: 85.5 MB.
System memory in use after: 85.5 MB.

Unloading 12 unused Assets to reduce memory usage. Loaded Objects now: 2345.
Total: 1.521700 ms (FindLiveObjects: 0.121600 ms CreateObjectMapping: 0.034600 ms MarkObjects: 1.293400 ms  DeleteObjects: 0.071600 ms)

========================================================================
Received Prepare
Registering precompiled user dll's ...
Registered in 0.000530 seconds.
Begin MonoManager ReloadAssembly
Native extension for WindowsStandalone target not found
Refreshing native plugins compatible for Editor in 0.42 ms, found 1 plugins.
Preloading 0 native plugins for Editor in 0.00 ms.
Mono: successfully reloaded assembly
- Completed reload, in  0.526 seconds
Platform modules already initialized, skipping
Refreshing native plugins compatible for Editor in 0.32 ms, found 1 plugins.
Preloading 0 native plugins for Editor in 0.00 ms.
Unloading 1816 Unused Serialized files (Serialized files now loaded: 0)
System memory in use before: 85.5 MB.
System memory in use after: 85.5 MB.

Unloading 12 unused Assets to reduce memory usage. Loaded Objects now: 2349.
Total: 1.728000 ms (FindLiveObjects: 0.120700 ms CreateObjectMapping: 0.034200 ms MarkObjects: 1.500400 ms  DeleteObjects: 0.072000 ms)

========================================================================
Received Prepare
Registering precompiled user dll's ...
Registered in 0.000530 seconds.
Begin MonoManager ReloadAssembly
Native extension for WindowsStandalone target not found
Refreshing native plugins compatible for Editor in 0.41 ms, found 1 plugins.
Preloading 0 native plugins for Editor in 0.00 ms.
Mono: successfully reloaded assembly
- Completed reload, in  0.536 seconds
Platform modules already initialized, skipping
Refreshing native plugins compatible for Editor in 0.42 ms, found 1 plugins.
Preloading 0 native plugins for Editor in 0.00 ms.
Unloading 1816 Unused Serialized files (Serialized files now loaded: 0)
System memory in use before: 85.5 MB.
System memory in use after: 85.5 MB.

Unloading 12 unused Assets to reduce memory usage. Loaded Objects now: 2353.
Total: 1.746300 ms (FindLiveObjects: 0.135600 ms CreateObjectMapping: 0.035500 ms MarkObjects: 1.490100 ms  DeleteObjects: 0.084700 ms)

========================================================================
Received Import Request.
  Time since last request: 761.244278 seconds.
  path: Assets/Script/DontDestroyOnLoadScene.cs
  artifactKey: Guid(b54228c9a51b9bb43bb509781ae71508) Importer(815301076,1909f56bfc062723c751e8b465ee728b)
Start importing Assets/Script/DontDestroyOnLoadScene.cs using Guid(b54228c9a51b9bb43bb509781ae71508) Importer(815301076,1909f56bfc062723c751e8b465ee728b)  -> (artifact id: 'c2ae8c982689e5af6838b36e1bf14e57') in 0.007965 seconds
  Import took 0.010945 seconds .

========================================================================
Received Import Request.
  Time since last request: 14.821020 seconds.
  path: Assets/Script/DontDestroyOnLoadScene.cs
  artifactKey: Guid(b54228c9a51b9bb43bb509781ae71508) Importer(815301076,1909f56bfc062723c751e8b465ee728b)
Start importing Assets/Script/DontDestroyOnLoadScene.cs using Guid(b54228c9a51b9bb43bb509781ae71508) Importer(815301076,1909f56bfc062723c751e8b465ee728b)  -> (artifact id: '353be5282530efe7fd2fbb4fa8315d80') in 0.001214 seconds
  Import took 0.003664 seconds .

========================================================================
Received Prepare
Registering precompiled user dll's ...
Registered in 0.000592 seconds.
Begin MonoManager ReloadAssembly
Native extension for WindowsStandalone target not found
Refreshing native plugins compatible for Editor in 0.45 ms, found 1 plugins.
Preloading 0 native plugins for Editor in 0.00 ms.
Mono: successfully reloaded assembly
- Completed reload, in  0.503 seconds
Platform modules already initialized, skipping
Refreshing native plugins compatible for Editor in 0.36 ms, found 1 plugins.
Preloading 0 native plugins for Editor in 0.00 ms.
Unloading 1816 Unused Serialized files (Serialized files now loaded: 0)
System memory in use before: 85.5 MB.
System memory in use after: 85.5 MB.

Unloading 12 unused Assets to reduce memory usage. Loaded Objects now: 2357.
Total: 1.581900 ms (FindLiveObjects: 0.164400 ms CreateObjectMapping: 0.040700 ms MarkObjects: 1.300600 ms  DeleteObjects: 0.075500 ms)

========================================================================
Received Import Request.
  Time since last request: 18.581294 seconds.
  path: Assets/Script/DontDestroyOnLoadScene.cs
  artifactKey: Guid(b54228c9a51b9bb43bb509781ae71508) Importer(815301076,1909f56bfc062723c751e8b465ee728b)
Start importing Assets/Script/DontDestroyOnLoadScene.cs using Guid(b54228c9a51b9bb43bb509781ae71508) Importer(815301076,1909f56bfc062723c751e8b465ee728b)  -> (artifact id: 'c1fa3bf60771666c3443a12455af62bd') in 0.003475 seconds
  Import took 0.005500 seconds .

========================================================================
Received Prepare
Registering precompiled user dll's ...
Registered in 0.000454 seconds.
Begin MonoManager ReloadAssembly
Native extension for WindowsStandalone target not found
Refreshing native plugins compatible for Editor in 0.39 ms, found 1 plugins.
Preloading 0 native plugins for Editor in 0.00 ms.
Mono: successfully reloaded assembly
- Completed reload, in  0.503 seconds
Platform modules already initialized, skipping
Refreshing native plugins compatible for Editor in 0.30 ms, found 1 plugins.
Preloading 0 native plugins for Editor in 0.00 ms.
Unloading 1817 Unused Serialized files (Serialized files now loaded: 0)
System memory in use before: 85.5 MB.
System memory in use after: 85.5 MB.

Unloading 12 unused Assets to reduce memory usage. Loaded Objects now: 2362.
Total: 1.517500 ms (FindLiveObjects: 0.129600 ms CreateObjectMapping: 0.040200 ms MarkObjects: 1.281200 ms  DeleteObjects: 0.065600 ms)

========================================================================
Received Prepare
Registering precompiled user dll's ...
Registered in 0.000421 seconds.
Begin MonoManager ReloadAssembly
Native extension for WindowsStandalone target not found
Refreshing native plugins compatible for Editor in 0.60 ms, found 1 plugins.
Preloading 0 native plugins for Editor in 0.00 ms.
Mono: successfully reloaded assembly
- Completed reload, in  0.525 seconds
Platform modules already initialized, skipping
Refreshing native plugins compatible for Editor in 0.33 ms, found 1 plugins.
Preloading 0 native plugins for Editor in 0.00 ms.
Unloading 1817 Unused Serialized files (Serialized files now loaded: 0)
System memory in use before: 85.5 MB.
System memory in use after: 85.5 MB.

Unloading 12 unused Assets to reduce memory usage. Loaded Objects now: 2366.
Total: 1.699300 ms (FindLiveObjects: 0.166600 ms CreateObjectMapping: 0.036900 ms MarkObjects: 1.410500 ms  DeleteObjects: 0.084300 ms)

========================================================================
Received Prepare
Registering precompiled user dll's ...
Registered in 0.000402 seconds.
Begin MonoManager ReloadAssembly
Native extension for WindowsStandalone target not found
Refreshing native plugins compatible for Editor in 0.39 ms, found 1 plugins.
Preloading 0 native plugins for Editor in 0.00 ms.
Mono: successfully reloaded assembly
- Completed reload, in  0.523 seconds
Platform modules already initialized, skipping
Refreshing native plugins compatible for Editor in 0.32 ms, found 1 plugins.
Preloading 0 native plugins for Editor in 0.00 ms.
Unloading 1817 Unused Serialized files (Serialized files now loaded: 0)
System memory in use before: 85.6 MB.
System memory in use after: 85.5 MB.

Unloading 12 unused Assets to reduce memory usage. Loaded Objects now: 2370.
Total: 1.526200 ms (FindLiveObjects: 0.143600 ms CreateObjectMapping: 0.035100 ms MarkObjects: 1.286800 ms  DeleteObjects: 0.060200 ms)

========================================================================
Received Import Request.
  Time since last request: 46.618596 seconds.
  path: Assets/Script/GameOverManager.cs
  artifactKey: Guid(dc932ed331cd1f04aa8fc83ef60ad4e3) Importer(815301076,1909f56bfc062723c751e8b465ee728b)
Start importing Assets/Script/GameOverManager.cs using Guid(dc932ed331cd1f04aa8fc83ef60ad4e3) Importer(815301076,1909f56bfc062723c751e8b465ee728b)  -> (artifact id: '8a5d98a2b22200fb681ad4a3512704e3') in 0.003544 seconds
  Import took 0.005654 seconds .

========================================================================
Received Import Request.
  Time since last request: 4.770930 seconds.
  path: Assets/Script/CurrentSceneManager.cs
  artifactKey: Guid(d1be14f283e0c6a4d9c7c8362a4b8558) Importer(815301076,1909f56bfc062723c751e8b465ee728b)
Start importing Assets/Script/CurrentSceneManager.cs using Guid(d1be14f283e0c6a4d9c7c8362a4b8558) Importer(815301076,1909f56bfc062723c751e8b465ee728b)  -> (artifact id: '407f4f6ffb84192b6d6ad3fa4a40f495') in 0.004505 seconds
  Import took 0.006813 seconds .

========================================================================
Received Import Request.
  Time since last request: 0.001019 seconds.
  path: Assets/Script/CurrentSceneManager.cs
  artifactKey: Guid(d1be14f283e0c6a4d9c7c8362a4b8558) Importer(815301076,1909f56bfc062723c751e8b465ee728b)
Start importing Assets/Script/CurrentSceneManager.cs using Guid(d1be14f283e0c6a4d9c7c8362a4b8558) Importer(815301076,1909f56bfc062723c751e8b465ee728b)  -> (artifact id: '407f4f6ffb84192b6d6ad3fa4a40f495') in 0.000904 seconds
  Import took 0.002573 seconds .

========================================================================
Received Prepare
Registering precompiled user dll's ...
Registered in 0.000586 seconds.
Begin MonoManager ReloadAssembly
Native extension for WindowsStandalone target not found
Refreshing native plugins compatible for Editor in 0.39 ms, found 1 plugins.
Preloading 0 native plugins for Editor in 0.00 ms.
Mono: successfully reloaded assembly
- Completed reload, in  0.507 seconds
Platform modules already initialized, skipping
Refreshing native plugins compatible for Editor in 0.33 ms, found 1 plugins.
Preloading 0 native plugins for Editor in 0.00 ms.
Unloading 1817 Unused Serialized files (Serialized files now loaded: 0)
System memory in use before: 85.6 MB.
System memory in use after: 85.5 MB.

Unloading 12 unused Assets to reduce memory usage. Loaded Objects now: 2374.
Total: 1.553200 ms (FindLiveObjects: 0.132500 ms CreateObjectMapping: 0.035800 ms MarkObjects: 1.307900 ms  DeleteObjects: 0.076500 ms)

========================================================================
Received Import Request.
  Time since last request: 33.840909 seconds.
  path: Assets/Script/CurrentSceneManager.cs
  artifactKey: Guid(d1be14f283e0c6a4d9c7c8362a4b8558) Importer(815301076,1909f56bfc062723c751e8b465ee728b)
Start importing Assets/Script/CurrentSceneManager.cs using Guid(d1be14f283e0c6a4d9c7c8362a4b8558) Importer(815301076,1909f56bfc062723c751e8b465ee728b)  -> (artifact id: '658dccdcd24d527d3b81d79dfa72098c') in 0.003302 seconds
  Import took 0.005400 seconds .

========================================================================
Received Prepare
Registering precompiled user dll's ...
Registered in 0.000468 seconds.
Begin MonoManager ReloadAssembly
Native extension for WindowsStandalone target not found
Refreshing native plugins compatible for Editor in 0.40 ms, found 1 plugins.
Preloading 0 native plugins for Editor in 0.00 ms.
Mono: successfully reloaded assembly
- Completed reload, in  0.507 seconds
Platform modules already initialized, skipping
Refreshing native plugins compatible for Editor in 0.34 ms, found 1 plugins.
Preloading 0 native plugins for Editor in 0.00 ms.
Unloading 1817 Unused Serialized files (Serialized files now loaded: 0)
System memory in use before: 85.6 MB.
System memory in use after: 85.5 MB.

Unloading 12 unused Assets to reduce memory usage. Loaded Objects now: 2378.
Total: 1.736200 ms (FindLiveObjects: 0.167300 ms CreateObjectMapping: 0.044600 ms MarkObjects: 1.438600 ms  DeleteObjects: 0.085000 ms)

========================================================================
Received Prepare
Registering precompiled user dll's ...
Registered in 0.000468 seconds.
Begin MonoManager ReloadAssembly
Native extension for WindowsStandalone target not found
Refreshing native plugins compatible for Editor in 0.39 ms, found 1 plugins.
Preloading 0 native plugins for Editor in 0.00 ms.
Mono: successfully reloaded assembly
- Completed reload, in  0.490 seconds
Platform modules already initialized, skipping
Refreshing native plugins compatible for Editor in 0.28 ms, found 1 plugins.
Preloading 0 native plugins for Editor in 0.00 ms.
Unloading 1817 Unused Serialized files (Serialized files now loaded: 0)
System memory in use before: 85.6 MB.
System memory in use after: 85.5 MB.

Unloading 12 unused Assets to reduce memory usage. Loaded Objects now: 2382.
Total: 1.564800 ms (FindLiveObjects: 0.135400 ms CreateObjectMapping: 0.035200 ms MarkObjects: 1.320700 ms  DeleteObjects: 0.072900 ms)

========================================================================
Received Import Request.
  Time since last request: 35.708054 seconds.
  path: Assets/Prefabs/Player.prefab
  artifactKey: Guid(eeb4ddba8b0b0164a863fffca815ce7f) Importer(815301076,1909f56bfc062723c751e8b465ee728b)
Start importing Assets/Prefabs/Player.prefab using Guid(eeb4ddba8b0b0164a863fffca815ce7f) Importer(815301076,1909f56bfc062723c751e8b465ee728b)  -> (artifact id: '4f6e830dccbb66c7da1cb0576b6dd8cd') in 0.063267 seconds
  Import took 0.091249 seconds .

========================================================================
Received Import Request.
  Time since last request: 1.638243 seconds.
  path: Assets/Prefabs/CurrentSceneManager.prefab
  artifactKey: Guid(09c1f5a5eed2b80429b7027c6cda1f70) Importer(815301076,1909f56bfc062723c751e8b465ee728b)
Start importing Assets/Prefabs/CurrentSceneManager.prefab using Guid(09c1f5a5eed2b80429b7027c6cda1f70) Importer(815301076,1909f56bfc062723c751e8b465ee728b)  -> (artifact id: 'f0e3a06964b75aa4c8f18d8685b0fdf0') in 0.002291 seconds
  Import took 0.004589 seconds .

========================================================================
Received Import Request.
  Time since last request: 0.019145 seconds.
  path: Assets/Prefabs/CurrentSceneManager.prefab
  artifactKey: Guid(09c1f5a5eed2b80429b7027c6cda1f70) Importer(815301076,1909f56bfc062723c751e8b465ee728b)
Start importing Assets/Prefabs/CurrentSceneManager.prefab using Guid(09c1f5a5eed2b80429b7027c6cda1f70) Importer(815301076,1909f56bfc062723c751e8b465ee728b)  -> (artifact id: 'f0e3a06964b75aa4c8f18d8685b0fdf0') in 0.002077 seconds
  Import took 0.004082 seconds .

========================================================================
Received Import Request.
  Time since last request: 25.909250 seconds.
  path: Assets/Scenes/Level02.unity
  artifactKey: Guid(49c977b25e27561478e6f50c4d8a7999) Importer(815301076,1909f56bfc062723c751e8b465ee728b)
Start importing Assets/Scenes/Level02.unity using Guid(49c977b25e27561478e6f50c4d8a7999) Importer(815301076,1909f56bfc062723c751e8b465ee728b)  -> (artifact id: '9dfe0473e7312f8feedce8e0be8e8fcc') in 0.004995 seconds
  Import took 0.007474 seconds .

========================================================================
Received Import Request.
  Time since last request: 56.409808 seconds.
  path: Assets/Scenes/Level01.unity
  artifactKey: Guid(2cda990e2423bbf4892e6590ba056729) Importer(815301076,1909f56bfc062723c751e8b465ee728b)
Start importing Assets/Scenes/Level01.unity using Guid(2cda990e2423bbf4892e6590ba056729) Importer(815301076,1909f56bfc062723c751e8b465ee728b)  -> (artifact id: '5c6f734e238e6fedb178f9d34c851737') in 0.005262 seconds
  Import took 0.007797 seconds .

========================================================================
Received Prepare
Registering precompiled user dll's ...
Registered in 0.000526 seconds.
Begin MonoManager ReloadAssembly
Native extension for WindowsStandalone target not found
Refreshing native plugins compatible for Editor in 0.45 ms, found 1 plugins.
Preloading 0 native plugins for Editor in 0.00 ms.
Mono: successfully reloaded assembly
- Completed reload, in  0.502 seconds
Platform modules already initialized, skipping
Refreshing native plugins compatible for Editor in 0.35 ms, found 1 plugins.
Preloading 0 native plugins for Editor in 0.00 ms.
Unloading 1817 Unused Serialized files (Serialized files now loaded: 0)
System memory in use before: 88.7 MB.
System memory in use after: 88.7 MB.

Unloading 12 unused Assets to reduce memory usage. Loaded Objects now: 2393.
Total: 1.563400 ms (FindLiveObjects: 0.125900 ms CreateObjectMapping: 0.034800 ms MarkObjects: 1.327700 ms  DeleteObjects: 0.074300 ms)

========================================================================
Received Import Request.
  Time since last request: 122.029054 seconds.
  path: Assets/Script/DontDestroyOnLoadScene.cs
  artifactKey: Guid(b54228c9a51b9bb43bb509781ae71508) Importer(815301076,1909f56bfc062723c751e8b465ee728b)
Start importing Assets/Script/DontDestroyOnLoadScene.cs using Guid(b54228c9a51b9bb43bb509781ae71508) Importer(815301076,1909f56bfc062723c751e8b465ee728b)  -> (artifact id: 'fe41593d4141f1ec7a82fe78b0df0f2b') in 0.003339 seconds
  Import took 0.005465 seconds .

========================================================================
Received Prepare
Registering precompiled user dll's ...
Registered in 0.000684 seconds.
Begin MonoManager ReloadAssembly
Native extension for WindowsStandalone target not found
Refreshing native plugins compatible for Editor in 0.40 ms, found 1 plugins.
Preloading 0 native plugins for Editor in 0.00 ms.
Mono: successfully reloaded assembly
- Completed reload, in  0.592 seconds
Platform modules already initialized, skipping
Refreshing native plugins compatible for Editor in 0.38 ms, found 1 plugins.
Preloading 0 native plugins for Editor in 0.00 ms.
Unloading 1817 Unused Serialized files (Serialized files now loaded: 0)
System memory in use before: 88.7 MB.
System memory in use after: 88.7 MB.

Unloading 12 unused Assets to reduce memory usage. Loaded Objects now: 2397.
Total: 1.934500 ms (FindLiveObjects: 0.183400 ms CreateObjectMapping: 0.041500 ms MarkObjects: 1.621300 ms  DeleteObjects: 0.087700 ms)

========================================================================
Received Import Request.
  Time since last request: 79.536079 seconds.
  path: Assets/Script/PlayerHealth.cs
  artifactKey: Guid(7bed9e8d0f317484b8ffed4377d120d3) Importer(815301076,1909f56bfc062723c751e8b465ee728b)
Start importing Assets/Script/PlayerHealth.cs using Guid(7bed9e8d0f317484b8ffed4377d120d3) Importer(815301076,1909f56bfc062723c751e8b465ee728b)  -> (artifact id: '6e36ab93e2ce85fe02333633b00983ae') in 0.003996 seconds
  Import took 0.006630 seconds .

========================================================================
Received Prepare
Registering precompiled user dll's ...
Registered in 0.000571 seconds.
Begin MonoManager ReloadAssembly
Native extension for WindowsStandalone target not found
Refreshing native plugins compatible for Editor in 0.39 ms, found 1 plugins.
Preloading 0 native plugins for Editor in 0.00 ms.
Mono: successfully reloaded assembly
- Completed reload, in  0.503 seconds
Platform modules already initialized, skipping
Refreshing native plugins compatible for Editor in 0.32 ms, found 1 plugins.
Preloading 0 native plugins for Editor in 0.00 ms.
Unloading 1817 Unused Serialized files (Serialized files now loaded: 0)
System memory in use before: 88.7 MB.
System memory in use after: 88.7 MB.

Unloading 12 unused Assets to reduce memory usage. Loaded Objects now: 2401.
Total: 1.714200 ms (FindLiveObjects: 0.145800 ms CreateObjectMapping: 0.041600 ms MarkObjects: 1.453500 ms  DeleteObjects: 0.072800 ms)

========================================================================
Received Import Request.
  Time since last request: 95.703314 seconds.
  path: Assets/Script/PlayerHealth.cs
  artifactKey: Guid(7bed9e8d0f317484b8ffed4377d120d3) Importer(815301076,1909f56bfc062723c751e8b465ee728b)
Start importing Assets/Script/PlayerHealth.cs using Guid(7bed9e8d0f317484b8ffed4377d120d3) Importer(815301076,1909f56bfc062723c751e8b465ee728b)  -> (artifact id: '47efc43db8cc166e232ad900d4833544') in 0.003306 seconds
  Import took 0.005676 seconds .

========================================================================
Received Import Request.
  Time since last request: 6.326111 seconds.
  path: Assets/Animation/Player/Player.controller
  artifactKey: Guid(09a0f14739b55cc4495072df780131fb) Importer(815301076,1909f56bfc062723c751e8b465ee728b)
Start importing Assets/Animation/Player/Player.controller using Guid(09a0f14739b55cc4495072df780131fb) Importer(815301076,1909f56bfc062723c751e8b465ee728b)  -> (artifact id: '46ad14cfb9ff3a215ae5834ed9a4cc3b') in 0.007860 seconds
  Import took 0.010680 seconds .

========================================================================
Received Prepare
Registering precompiled user dll's ...
Registered in 0.000456 seconds.
Begin MonoManager ReloadAssembly
Native extension for WindowsStandalone target not found
Refreshing native plugins compatible for Editor in 0.40 ms, found 1 plugins.
Preloading 0 native plugins for Editor in 0.00 ms.
Mono: successfully reloaded assembly
- Completed reload, in  0.518 seconds
Platform modules already initialized, skipping
Refreshing native plugins compatible for Editor in 0.33 ms, found 1 plugins.
Preloading 0 native plugins for Editor in 0.00 ms.
Unloading 1817 Unused Serialized files (Serialized files now loaded: 0)
System memory in use before: 88.7 MB.
System memory in use after: 88.7 MB.

Unloading 12 unused Assets to reduce memory usage. Loaded Objects now: 2405.
Total: 1.565100 ms (FindLiveObjects: 0.133700 ms CreateObjectMapping: 0.034900 ms MarkObjects: 1.324800 ms  DeleteObjects: 0.071100 ms)

========================================================================
Received Prepare
Registering precompiled user dll's ...
Registered in 0.000568 seconds.
Begin MonoManager ReloadAssembly
Native extension for WindowsStandalone target not found
Refreshing native plugins compatible for Editor in 0.41 ms, found 1 plugins.
Preloading 0 native plugins for Editor in 0.00 ms.
Mono: successfully reloaded assembly
- Completed reload, in  0.564 seconds
Platform modules already initialized, skipping
Refreshing native plugins compatible for Editor in 0.38 ms, found 1 plugins.
Preloading 0 native plugins for Editor in 0.00 ms.
Unloading 1817 Unused Serialized files (Serialized files now loaded: 0)
System memory in use before: 88.8 MB.
System memory in use after: 88.7 MB.

Unloading 12 unused Assets to reduce memory usage. Loaded Objects now: 2409.
Total: 1.653200 ms (FindLiveObjects: 0.164800 ms CreateObjectMapping: 0.036800 ms MarkObjects: 1.369100 ms  DeleteObjects: 0.082000 ms)

AssetImportWorkerClient::OnTransportError - code=2 error=End of file
